# JRE version: Java(TM) SE Runtime Environment (21.0.6+8) (build 21.0.6+8-LTS-188)
# Java VM: Java HotSpot(TM) 64-Bit Server VM (21.0.6+8-LTS-188, mixed mode, sharing, tiered, compressed oops, compressed class ptrs, g1 gc, windows-amd64)
GC Precious Log:
 CardTable entry size: 512
 Card Set container configuration: InlinePtr #cards 5 size 8 Array Of Cards #cards 12 size 40 Howl #buckets 4 coarsen threshold 1843 Howl Bitmap #cards 512 size 80 coarsen threshold 460 Card regions per heap region 1 cards per card region 2048
 CPUs: 8 total, 8 available
 Memory: 8096M
 Large Page Support: Disabled
 NUMA Support: Disabled
 Compressed Oops: Enabled (32-bit)
 Heap Region Size: 1M
 Heap Min Capacity: 256M
 Heap Initial Capacity: 256M
 Heap Max Capacity: 512M
 Pre-touch: Disabled
 Parallel Workers: 8
 Concurrent Workers: 2
 Concurrent Refinement Workers: 8
 Periodic GC: Disabled
Heap:
 garbage-first heap   total 262144K, used 111141K [0x00000000e0000000, 0x0000000100000000)
  region size 1024K, 43 young (44032K), 6 survivors (6144K)
 Metaspace       used 68844K, committed 71104K, reserved 393216K
  class space    used 9502K, committed 10688K, reserved 327680K
GC Heap History (20 events):
Event: 12.956 GC heap before
{Heap before GC invocations=3 (full 0):
 garbage-first heap   total 262144K, used 104948K [0x00000000e0000000, 0x0000000100000000)
  region size 1024K, 92 young (94208K), 5 survivors (5120K)
 Metaspace       used 20881K, committed 21504K, reserved 393216K
  class space    used 2993K, committed 3264K, reserved 327680K
}
Event: 12.989 GC heap after
{Heap after GC invocations=4 (full 0):
 garbage-first heap   total 262144K, used 24007K [0x00000000e0000000, 0x0000000100000000)
  region size 1024K, 12 young (12288K), 12 survivors (12288K)
 Metaspace       used 20881K, committed 21504K, reserved 393216K
  class space    used 2993K, committed 3264K, reserved 327680K
}
Event: 17.502 GC heap before
{Heap before GC invocations=5 (full 0):
 garbage-first heap   total 262144K, used 132551K [0x00000000e0000000, 0x0000000100000000)
  region size 1024K, 115 young (117760K), 12 survivors (12288K)
 Metaspace       used 34932K, committed 35968K, reserved 393216K
  class space    used 4794K, committed 5312K, reserved 327680K
}
Event: 17.529 GC heap after
{Heap after GC invocations=6 (full 0):
 garbage-first heap   total 262144K, used 32753K [0x00000000e0000000, 0x0000000100000000)
  region size 1024K, 16 young (16384K), 16 survivors (16384K)
 Metaspace       used 34932K, committed 35968K, reserved 393216K
  class space    used 4794K, committed 5312K, reserved 327680K
}
Event: 17.671 GC heap before
{Heap before GC invocations=6 (full 0):
 garbage-first heap   total 262144K, used 35825K [0x00000000e0000000, 0x0000000100000000)
  region size 1024K, 20 young (20480K), 16 survivors (16384K)
 Metaspace       used 35187K, committed 36288K, reserved 393216K
  class space    used 4822K, committed 5376K, reserved 327680K
}
Event: 17.690 GC heap after
{Heap after GC invocations=7 (full 0):
 garbage-first heap   total 262144K, used 32771K [0x00000000e0000000, 0x0000000100000000)
  region size 1024K, 9 young (9216K), 9 survivors (9216K)
 Metaspace       used 35187K, committed 36288K, reserved 393216K
  class space    used 4822K, committed 5376K, reserved 327680K
}
Event: 17.847 GC heap before
{Heap before GC invocations=7 (full 0):
 garbage-first heap   total 262144K, used 35843K [0x00000000e0000000, 0x0000000100000000)
  region size 1024K, 13 young (13312K), 9 survivors (9216K)
 Metaspace       used 35485K, committed 36608K, reserved 393216K
  class space    used 4879K, committed 5440K, reserved 327680K
}
Event: 17.859 GC heap after
{Heap after GC invocations=8 (full 0):
 garbage-first heap   total 262144K, used 32738K [0x00000000e0000000, 0x0000000100000000)
  region size 1024K, 9 young (9216K), 9 survivors (9216K)
 Metaspace       used 35485K, committed 36608K, reserved 393216K
  class space    used 4879K, committed 5440K, reserved 327680K
}
Event: 22.444 GC heap before
{Heap before GC invocations=9 (full 0):
 garbage-first heap   total 262144K, used 181218K [0x00000000e0000000, 0x0000000100000000)
  region size 1024K, 153 young (156672K), 9 survivors (9216K)
 Metaspace       used 50418K, committed 52160K, reserved 393216K
  class space    used 7129K, committed 8000K, reserved 327680K
}
Event: 22.469 GC heap after
{Heap after GC invocations=10 (full 0):
 garbage-first heap   total 262144K, used 40858K [0x00000000e0000000, 0x0000000100000000)
  region size 1024K, 17 young (17408K), 17 survivors (17408K)
 Metaspace       used 50418K, committed 52160K, reserved 393216K
  class space    used 7129K, committed 8000K, reserved 327680K
}
Event: 27.013 GC heap before
{Heap before GC invocations=10 (full 0):
 garbage-first heap   total 262144K, used 180122K [0x00000000e0000000, 0x0000000100000000)
  region size 1024K, 153 young (156672K), 17 survivors (17408K)
 Metaspace       used 59276K, committed 61248K, reserved 393216K
  class space    used 8413K, committed 9408K, reserved 327680K
}
Event: 27.051 GC heap after
{Heap after GC invocations=11 (full 0):
 garbage-first heap   total 262144K, used 52031K [0x00000000e0000000, 0x0000000100000000)
  region size 1024K, 20 young (20480K), 20 survivors (20480K)
 Metaspace       used 59276K, committed 61248K, reserved 393216K
  class space    used 8413K, committed 9408K, reserved 327680K
}
Event: 27.387 GC heap before
{Heap before GC invocations=11 (full 0):
 garbage-first heap   total 262144K, used 62271K [0x00000000e0000000, 0x0000000100000000)
  region size 1024K, 31 young (31744K), 20 survivors (20480K)
 Metaspace       used 59488K, committed 61440K, reserved 393216K
  class space    used 8427K, committed 9408K, reserved 327680K
}
Event: 27.416 GC heap after
{Heap after GC invocations=12 (full 0):
 garbage-first heap   total 262144K, used 53607K [0x00000000e0000000, 0x0000000100000000)
  region size 1024K, 3 young (3072K), 3 survivors (3072K)
 Metaspace       used 59488K, committed 61440K, reserved 393216K
  class space    used 8427K, committed 9408K, reserved 327680K
}
Event: 30.877 GC heap before
{Heap before GC invocations=13 (full 0):
 garbage-first heap   total 262144K, used 206183K [0x00000000e0000000, 0x0000000100000000)
  region size 1024K, 153 young (156672K), 3 survivors (3072K)
 Metaspace       used 63071K, committed 65216K, reserved 393216K
  class space    used 8974K, committed 10048K, reserved 327680K
}
Event: 30.902 GC heap after
{Heap after GC invocations=14 (full 0):
 garbage-first heap   total 262144K, used 65002K [0x00000000e0000000, 0x0000000100000000)
  region size 1024K, 14 young (14336K), 14 survivors (14336K)
 Metaspace       used 63071K, committed 65216K, reserved 393216K
  class space    used 8974K, committed 10048K, reserved 327680K
}
Event: 69.042 GC heap before
{Heap before GC invocations=14 (full 0):
 garbage-first heap   total 262144K, used 206314K [0x00000000e0000000, 0x0000000100000000)
  region size 1024K, 153 young (156672K), 14 survivors (14336K)
 Metaspace       used 67488K, committed 69760K, reserved 393216K
  class space    used 9466K, committed 10624K, reserved 327680K
}
Event: 69.081 GC heap after
{Heap after GC invocations=15 (full 0):
 garbage-first heap   total 262144K, used 76893K [0x00000000e0000000, 0x0000000100000000)
  region size 1024K, 13 young (13312K), 13 survivors (13312K)
 Metaspace       used 67488K, committed 69760K, reserved 393216K
  class space    used 9466K, committed 10624K, reserved 327680K
}
Event: 114.608 GC heap before
{Heap before GC invocations=15 (full 0):
 garbage-first heap   total 262144K, used 219229K [0x00000000e0000000, 0x0000000100000000)
  region size 1024K, 153 young (156672K), 13 survivors (13312K)
 Metaspace       used 68540K, committed 70848K, reserved 393216K
  class space    used 9487K, committed 10688K, reserved 327680K
}
Event: 114.634 GC heap after
{Heap after GC invocations=16 (full 0):
 garbage-first heap   total 262144K, used 75301K [0x00000000e0000000, 0x0000000100000000)
  region size 1024K, 6 young (6144K), 6 survivors (6144K)
 Metaspace       used 68540K, committed 70848K, reserved 393216K
  class space    used 9487K, committed 10688K, reserved 327680K
}

