# JRE version: Java(TM) SE Runtime Environment (21.0.6+8) (build 21.0.6+8-LTS-188)
# Java VM: Java HotSpot(TM) 64-Bit Server VM (21.0.6+8-LTS-188, mixed mode, sharing, tiered, compressed oops, compressed class ptrs, g1 gc, windows-amd64)
GC Precious Log:
 CardTable entry size: 512
 Card Set container configuration: InlinePtr #cards 5 size 8 Array Of Cards #cards 12 size 40 Howl #buckets 4 coarsen threshold 1843 Howl Bitmap #cards 512 size 80 coarsen threshold 460 Card regions per heap region 1 cards per card region 2048
 CPUs: 8 total, 8 available
 Memory: 8096M
 Large Page Support: Disabled
 NUMA Support: Disabled
 Compressed Oops: Enabled (32-bit)
 Heap Region Size: 1M
 Heap Min Capacity: 256M
 Heap Initial Capacity: 256M
 Heap Max Capacity: 512M
 Pre-touch: Disabled
 Parallel Workers: 8
 Concurrent Workers: 2
 Concurrent Refinement Workers: 8
 Periodic GC: Disabled
Heap:
 garbage-first heap   total 262144K, used 78405K [0x00000000e0000000, 0x0000000100000000)
  region size 1024K, 28 young (28672K), 4 survivors (4096K)
 Metaspace       used 59765K, committed 61760K, reserved 393216K
  class space    used 8444K, committed 9472K, reserved 327680K
GC Heap History (20 events):
Event: 4.350 GC heap before
{Heap before GC invocations=0 (full 0):
 garbage-first heap   total 262144K, used 22528K [0x00000000e0000000, 0x0000000100000000)
  region size 1024K, 23 young (23552K), 0 survivors (0K)
 Metaspace       used 1108K, committed 1216K, reserved 393216K
  class space    used 81K, committed 128K, reserved 327680K
}
Event: 4.936 GC heap after
{Heap after GC invocations=1 (full 0):
 garbage-first heap   total 262144K, used 2858K [0x00000000e0000000, 0x0000000100000000)
  region size 1024K, 3 young (3072K), 3 survivors (3072K)
 Metaspace       used 1108K, committed 1216K, reserved 393216K
  class space    used 81K, committed 128K, reserved 327680K
}
Event: 8.798 GC heap before
{Heap before GC invocations=1 (full 0):
 garbage-first heap   total 262144K, used 37674K [0x00000000e0000000, 0x0000000100000000)
  region size 1024K, 35 young (35840K), 3 survivors (3072K)
 Metaspace       used 4458K, committed 4608K, reserved 393216K
  class space    used 545K, committed 640K, reserved 327680K
}
Event: 8.810 GC heap after
{Heap after GC invocations=2 (full 0):
 garbage-first heap   total 262144K, used 11219K [0x00000000e0000000, 0x0000000100000000)
  region size 1024K, 5 young (5120K), 5 survivors (5120K)
 Metaspace       used 4458K, committed 4608K, reserved 393216K
  class space    used 545K, committed 640K, reserved 327680K
}
Event: 10.923 GC heap before
{Heap before GC invocations=2 (full 0):
 garbage-first heap   total 262144K, used 58323K [0x00000000e0000000, 0x0000000100000000)
  region size 1024K, 49 young (50176K), 5 survivors (5120K)
 Metaspace       used 4758K, committed 4992K, reserved 393216K
  class space    used 593K, committed 704K, reserved 327680K
}
Event: 10.931 GC heap after
{Heap after GC invocations=3 (full 0):
 garbage-first heap   total 262144K, used 16567K [0x00000000e0000000, 0x0000000100000000)
  region size 1024K, 5 young (5120K), 5 survivors (5120K)
 Metaspace       used 4758K, committed 4992K, reserved 393216K
  class space    used 593K, committed 704K, reserved 327680K
}
Event: 24.355 GC heap before
{Heap before GC invocations=3 (full 0):
 garbage-first heap   total 262144K, used 110775K [0x00000000e0000000, 0x0000000100000000)
  region size 1024K, 98 young (100352K), 5 survivors (5120K)
 Metaspace       used 20856K, committed 21504K, reserved 393216K
  class space    used 2977K, committed 3264K, reserved 327680K
}
Event: 25.392 GC heap after
{Heap after GC invocations=4 (full 0):
 garbage-first heap   total 262144K, used 24172K [0x00000000e0000000, 0x0000000100000000)
  region size 1024K, 12 young (12288K), 12 survivors (12288K)
 Metaspace       used 20856K, committed 21504K, reserved 393216K
  class space    used 2977K, committed 3264K, reserved 327680K
}
Event: 41.742 GC heap before
{Heap before GC invocations=5 (full 0):
 garbage-first heap   total 262144K, used 131692K [0x00000000e0000000, 0x0000000100000000)
  region size 1024K, 114 young (116736K), 12 survivors (12288K)
 Metaspace       used 34901K, committed 35968K, reserved 393216K
  class space    used 4784K, committed 5312K, reserved 327680K
}
Event: 41.775 GC heap after
{Heap after GC invocations=6 (full 0):
 garbage-first heap   total 262144K, used 33324K [0x00000000e0000000, 0x0000000100000000)
  region size 1024K, 17 young (17408K), 17 survivors (17408K)
 Metaspace       used 34901K, committed 35968K, reserved 393216K
  class space    used 4784K, committed 5312K, reserved 327680K
}
Event: 42.645 GC heap before
{Heap before GC invocations=6 (full 0):
 garbage-first heap   total 262144K, used 37420K [0x00000000e0000000, 0x0000000100000000)
  region size 1024K, 22 young (22528K), 17 survivors (17408K)
 Metaspace       used 35227K, committed 36288K, reserved 393216K
  class space    used 4818K, committed 5376K, reserved 327680K
}
Event: 42.689 GC heap after
{Heap after GC invocations=7 (full 0):
 garbage-first heap   total 262144K, used 33030K [0x00000000e0000000, 0x0000000100000000)
  region size 1024K, 9 young (9216K), 9 survivors (9216K)
 Metaspace       used 35227K, committed 36288K, reserved 393216K
  class space    used 4818K, committed 5376K, reserved 327680K
}
Event: 43.028 GC heap before
{Heap before GC invocations=7 (full 0):
 garbage-first heap   total 262144K, used 36102K [0x00000000e0000000, 0x0000000100000000)
  region size 1024K, 13 young (13312K), 9 survivors (9216K)
 Metaspace       used 35481K, committed 36608K, reserved 393216K
  class space    used 4859K, committed 5440K, reserved 327680K
}
Event: 43.042 GC heap after
{Heap after GC invocations=8 (full 0):
 garbage-first heap   total 262144K, used 32231K [0x00000000e0000000, 0x0000000100000000)
  region size 1024K, 9 young (9216K), 9 survivors (9216K)
 Metaspace       used 35481K, committed 36608K, reserved 393216K
  class space    used 4859K, committed 5440K, reserved 327680K
}
Event: 59.762 GC heap before
{Heap before GC invocations=9 (full 0):
 garbage-first heap   total 262144K, used 180711K [0x00000000e0000000, 0x0000000100000000)
  region size 1024K, 153 young (156672K), 9 survivors (9216K)
 Metaspace       used 50625K, committed 52352K, reserved 393216K
  class space    used 7136K, committed 8000K, reserved 327680K
}
Event: 59.808 GC heap after
{Heap after GC invocations=10 (full 0):
 garbage-first heap   total 262144K, used 40808K [0x00000000e0000000, 0x0000000100000000)
  region size 1024K, 17 young (17408K), 17 survivors (17408K)
 Metaspace       used 50625K, committed 52352K, reserved 393216K
  class space    used 7136K, committed 8000K, reserved 327680K
}
Event: 76.411 GC heap before
{Heap before GC invocations=10 (full 0):
 garbage-first heap   total 262144K, used 164712K [0x00000000e0000000, 0x0000000100000000)
  region size 1024K, 139 young (142336K), 17 survivors (17408K)
 Metaspace       used 59125K, committed 61120K, reserved 393216K
  class space    used 8400K, committed 9408K, reserved 327680K
}
Event: 76.450 GC heap after
{Heap after GC invocations=11 (full 0):
 garbage-first heap   total 262144K, used 50673K [0x00000000e0000000, 0x0000000100000000)
  region size 1024K, 19 young (19456K), 19 survivors (19456K)
 Metaspace       used 59125K, committed 61120K, reserved 393216K
  class space    used 8400K, committed 9408K, reserved 327680K
}
Event: 77.542 GC heap before
{Heap before GC invocations=11 (full 0):
 garbage-first heap   total 262144K, used 60913K [0x00000000e0000000, 0x0000000100000000)
  region size 1024K, 30 young (30720K), 19 survivors (19456K)
 Metaspace       used 59407K, committed 61440K, reserved 393216K
  class space    used 8413K, committed 9472K, reserved 327680K
}
Event: 77.575 GC heap after
{Heap after GC invocations=12 (full 0):
 garbage-first heap   total 262144K, used 54853K [0x00000000e0000000, 0x0000000100000000)
  region size 1024K, 4 young (4096K), 4 survivors (4096K)
 Metaspace       used 59407K, committed 61440K, reserved 393216K
  class space    used 8413K, committed 9472K, reserved 327680K
}

