# JRE version: Java(TM) SE Runtime Environment (21.0.6+8) (build 21.0.6+8-LTS-188)
# Java VM: Java HotSpot(TM) 64-Bit Server VM (21.0.6+8-LTS-188, mixed mode, sharing, tiered, compressed oops, compressed class ptrs, g1 gc, windows-amd64)
GC Precious Log:
 CardTable entry size: 512
 Card Set container configuration: InlinePtr #cards 5 size 8 Array Of Cards #cards 12 size 40 Howl #buckets 4 coarsen threshold 1843 Howl Bitmap #cards 512 size 80 coarsen threshold 460 Card regions per heap region 1 cards per card region 2048
 CPUs: 8 total, 8 available
 Memory: 8096M
 Large Page Support: Disabled
 NUMA Support: Disabled
 Compressed Oops: Enabled (32-bit)
 Heap Region Size: 1M
 Heap Min Capacity: 256M
 Heap Initial Capacity: 256M
 Heap Max Capacity: 512M
 Pre-touch: Disabled
 Parallel Workers: 8
 Concurrent Workers: 2
 Concurrent Refinement Workers: 8
 Periodic GC: Disabled
Heap:
 garbage-first heap   total 262144K, used 38915K [0x00000000e0000000, 0x0000000100000000)
  region size 1024K, 16 young (16384K), 9 survivors (9216K)
 Metaspace       used 36306K, committed 37440K, reserved 393216K
  class space    used 5003K, committed 5568K, reserved 327680K
GC Heap History (14 events):
Event: 1.530 GC heap before
{Heap before GC invocations=0 (full 0):
 garbage-first heap   total 262144K, used 22528K [0x00000000e0000000, 0x0000000100000000)
  region size 1024K, 23 young (23552K), 0 survivors (0K)
 Metaspace       used 1098K, committed 1216K, reserved 393216K
  class space    used 81K, committed 128K, reserved 327680K
}
Event: 1.546 GC heap after
{Heap after GC invocations=1 (full 0):
 garbage-first heap   total 262144K, used 2645K [0x00000000e0000000, 0x0000000100000000)
  region size 1024K, 3 young (3072K), 3 survivors (3072K)
 Metaspace       used 1098K, committed 1216K, reserved 393216K
  class space    used 81K, committed 128K, reserved 327680K
}
Event: 4.251 GC heap before
{Heap before GC invocations=1 (full 0):
 garbage-first heap   total 262144K, used 41557K [0x00000000e0000000, 0x0000000100000000)
  region size 1024K, 39 young (39936K), 3 survivors (3072K)
 Metaspace       used 4461K, committed 4608K, reserved 393216K
  class space    used 547K, committed 640K, reserved 327680K
}
Event: 4.261 GC heap after
{Heap after GC invocations=2 (full 0):
 garbage-first heap   total 262144K, used 11473K [0x00000000e0000000, 0x0000000100000000)
  region size 1024K, 5 young (5120K), 5 survivors (5120K)
 Metaspace       used 4461K, committed 4608K, reserved 393216K
  class space    used 547K, committed 640K, reserved 327680K
}
Event: 7.180 GC heap before
{Heap before GC invocations=2 (full 0):
 garbage-first heap   total 262144K, used 61649K [0x00000000e0000000, 0x0000000100000000)
  region size 1024K, 52 young (53248K), 5 survivors (5120K)
 Metaspace       used 5986K, committed 6208K, reserved 393216K
  class space    used 774K, committed 896K, reserved 327680K
}
Event: 7.195 GC heap after
{Heap after GC invocations=3 (full 0):
 garbage-first heap   total 262144K, used 18415K [0x00000000e0000000, 0x0000000100000000)
  region size 1024K, 6 young (6144K), 6 survivors (6144K)
 Metaspace       used 5986K, committed 6208K, reserved 393216K
  class space    used 774K, committed 896K, reserved 327680K
}
Event: 33.423 GC heap before
{Heap before GC invocations=3 (full 0):
 garbage-first heap   total 262144K, used 105455K [0x00000000e0000000, 0x0000000100000000)
  region size 1024K, 92 young (94208K), 6 survivors (6144K)
 Metaspace       used 20894K, committed 21504K, reserved 393216K
  class space    used 2986K, committed 3264K, reserved 327680K
}
Event: 33.444 GC heap after
{Heap after GC invocations=4 (full 0):
 garbage-first heap   total 262144K, used 24492K [0x00000000e0000000, 0x0000000100000000)
  region size 1024K, 12 young (12288K), 12 survivors (12288K)
 Metaspace       used 20894K, committed 21504K, reserved 393216K
  class space    used 2986K, committed 3264K, reserved 327680K
}
Event: 52.768 GC heap before
{Heap before GC invocations=5 (full 0):
 garbage-first heap   total 262144K, used 133036K [0x00000000e0000000, 0x0000000100000000)
  region size 1024K, 115 young (117760K), 12 survivors (12288K)
 Metaspace       used 35035K, committed 36096K, reserved 393216K
  class space    used 4805K, committed 5376K, reserved 327680K
}
Event: 52.802 GC heap after
{Heap after GC invocations=6 (full 0):
 garbage-first heap   total 262144K, used 33094K [0x00000000e0000000, 0x0000000100000000)
  region size 1024K, 15 young (15360K), 15 survivors (15360K)
 Metaspace       used 35035K, committed 36096K, reserved 393216K
  class space    used 4805K, committed 5376K, reserved 327680K
}
Event: 56.933 GC heap before
{Heap before GC invocations=6 (full 0):
 garbage-first heap   total 262144K, used 37190K [0x00000000e0000000, 0x0000000100000000)
  region size 1024K, 20 young (20480K), 15 survivors (15360K)
 Metaspace       used 35351K, committed 36416K, reserved 393216K
  class space    used 4837K, committed 5376K, reserved 327680K
}
Event: 56.958 GC heap after
{Heap after GC invocations=7 (full 0):
 garbage-first heap   total 262144K, used 33137K [0x00000000e0000000, 0x0000000100000000)
  region size 1024K, 9 young (9216K), 9 survivors (9216K)
 Metaspace       used 35351K, committed 36416K, reserved 393216K
  class space    used 4837K, committed 5376K, reserved 327680K
}
Event: 58.233 GC heap before
{Heap before GC invocations=7 (full 0):
 garbage-first heap   total 262144K, used 37233K [0x00000000e0000000, 0x0000000100000000)
  region size 1024K, 14 young (14336K), 9 survivors (9216K)
 Metaspace       used 35649K, committed 36736K, reserved 393216K
  class space    used 4893K, committed 5440K, reserved 327680K
}
Event: 58.247 GC heap after
{Heap after GC invocations=8 (full 0):
 garbage-first heap   total 262144K, used 32771K [0x00000000e0000000, 0x0000000100000000)
  region size 1024K, 9 young (9216K), 9 survivors (9216K)
 Metaspace       used 35649K, committed 36736K, reserved 393216K
  class space    used 4893K, committed 5440K, reserved 327680K
}

